2024-05-31 20:18:03;INFO;

alpaca Batch Size 1 random fine-tuning 14 Layers
2024-05-31 20:18:03;INFO;
Total param      : 8030.26944
Train param      : 490.733568
Dataset          : alpaca
Method           : random
Layers           : 14
Batch size       : 1
Learning Rate    : 2e-06
Eval Loss        : 1.1680281162261963
Forward time     : 15.718751211961111 min
Backward time    : 36.23320174614589 min
Weight memory    : 32121.094144 MB
Optimizer memory : 3926.540288 MB
Activation memory: 973.2839784608627 MB
Gradient memory  : 2033.5053215422745 MB
Input memory     : 0.0026739049411764705 MB
Total memory     : 38092.765696 MB
Peak memory      : 41993.427968 MB


