2024-06-24 04:24:59;INFO;

alpaca Seed 42Batch Size 1 layer_False fine-tuning 14 Layers
2024-06-24 04:24:59;INFO;
Total param      : 6738.423808
Train param      : 404.750336
Dataset          : alpaca
Method           : layer
Layers           : 14
Batch size       : 1
Learning Rate    : 2e-06
Eval Loss        : 1.1376962661743164
Forward time     : 18.624819668134055 min
Backward time    : 4.843552617232005 min
Weight memory    : 26953.711616 MB
Optimizer memory : 3238.002688 MB
Activation memory: 94.98748508291975 MB
Gradient memory  : 1652.305894378406 MB
Input memory     : 0.003071839300076505 MB
Total memory     : 31841.710592 MB
Peak memory      : 33534.452224 MB


