2024-08-06 21:54:17;INFO;

glue Seed 42Batch Size 1 random fine-tuning 14 Layers
2024-08-06 21:54:17;INFO;
Total param      : 6738.423808
Train param      : 433.061888
Dataset          : glue
Method           : random
Layers           : 14
Batch size       : 1
Learning Rate    : 2e-06
Eval Loss        : 0.07394681870937347
Forward time     : 1.353549023469289 min
Backward time    : 3.099765340487162 min
Weight memory    : 26953.711616 MB
Optimizer memory : 3464.495104 MB
Activation memory: 1276.4751487485944 MB
Gradient memory  : 1770.6437928096384 MB
Input memory     : 0.0037176546184738953 MB
Total memory     : 32183.625216 MB
Peak memory      : 33952.615424 MB


