2024-05-28 12:08:26;INFO;

oasst1 Batch Size 1 alpha fine-tuning 14 Layers
2024-05-28 12:08:26;INFO;
Total param      : 6738.423808
Train param      : 291.504128
Dataset          : oasst1
Method           : alpha
Layers           : 14
Batch size       : 1
Learning Rate    : 2e-06
Eval Loss        : 1.2665568590164185
Forward time     : 5.1973816076914465 min
Backward time    : 12.710803743203481 min
Weight memory    : 27087.929344 MB
Optimizer memory : 2332.033024 MB
Activation memory: 1518.0806903670784 MB
Gradient memory  : 1211.9504969831085 MB
Input memory     : 0.0048683242262781996 MB
Total memory     : 30636.578816 MB
Peak memory      : 31804.143616 MB


