2024-05-28 22:55:57;INFO;

chip2 Batch Size 1 alpha_ww fine-tuning 14 Layers
2024-05-28 22:55:57;INFO;
Total param      : 6738.423808
Train param      : 291.504128
Dataset          : chip2
Method           : alpha_ww
Layers           : 14
Batch size       : 1
Learning Rate    : 2e-06
Eval Loss        : 1.0271426439285278
Forward time     : 14.240361630916595 min
Backward time    : 23.188392933209737 min
Weight memory    : 27087.929344 MB
Optimizer memory : 2332.033024 MB
Activation memory: 664.7576136081569 MB
Gradient memory  : 1195.5230977606275 MB
Input memory     : 0.002540503843137255 MB
Total memory     : 30616.589824 MB
Peak memory      : 32075.011072 MB


