2024-06-24 11:49:53;INFO;

oasst1 Seed 42Batch Size 1 alpha_mid_True fine-tuning 14 Layers
2024-06-24 11:49:53;INFO;
Total param      : 8030.26944
Train param      : 222.298112
Dataset          : oasst1
Method           : alpha_mid
Layers           : 14
Batch size       : 1
Learning Rate    : 2e-06
Eval Loss        : 1.3462507724761963
Forward time     : 26.371627513567606 min
Backward time    : 71.87096448342005 min
Weight memory    : 32389.5296 MB
Optimizer memory : 0.0 MB
Activation memory: 6911.359285951253 MB
Gradient memory  : 6601.450392276613 MB
Input memory     : 0.014054025620677927 MB
Total memory     : 35135.199744 MB
Peak memory      : 37408.229376 MB


