2024-06-28 08:10:03;INFO;

self-instruct Seed 44Batch Size 1 random fine-tuning 14 Layers
2024-06-28 08:10:03;INFO;
Total param      : 6738.423808
Train param      : 433.061888
Dataset          : self-instruct
Method           : random
Layers           : 14
Batch size       : 1
Learning Rate    : 2e-06
Eval Loss        : 0.5113298296928406
Forward time     : 61.06683085759481 min
Backward time    : 64.47191305557887 min
Weight memory    : 26953.711616 MB
Optimizer memory : 3464.495104 MB
Activation memory: 530.5280912615981 MB
Gradient memory  : 1758.0495399316067 MB
Input memory     : 0.002040061480382904 MB
Total memory     : 32172.104192 MB
Peak memory      : 39483.95776 MB


