2024-08-07 04:15:45;INFO;

glue Seed 43Batch Size 1 random fine-tuning 14 Layers
2024-08-07 04:15:45;INFO;
Total param      : 6738.423808
Train param      : 376.438784
Dataset          : glue
Method           : random
Layers           : 14
Batch size       : 1
Learning Rate    : 2e-06
Eval Loss        : 0.09803561121225357
Forward time     : 1.2064081271489462 min
Backward time    : 3.219008998076121 min
Weight memory    : 26953.711616 MB
Optimizer memory : 3011.510272 MB
Activation memory: 1259.803603174297 MB
Gradient memory  : 1544.3827298698795 MB
Input memory     : 0.0037176546184738953 MB
Total memory     : 31506.137088 MB
Peak memory      : 33299.15904 MB


