2024-08-07 04:53:42;INFO;

glue Seed 44Batch Size 1 random fine-tuning 14 Layers
2024-08-07 04:53:42;INFO;
Total param      : 6738.423808
Train param      : 433.061888
Dataset          : glue
Method           : random
Layers           : 14
Batch size       : 1
Learning Rate    : 2e-06
Eval Loss        : 0.09502046555280685
Forward time     : 1.1305705388387044 min
Backward time    : 3.3477216760317483 min
Weight memory    : 26953.711616 MB
Optimizer memory : 3464.495104 MB
Activation memory: 1296.736843052209 MB
Gradient memory  : 1770.6384920674698 MB
Input memory     : 0.0037176546184738953 MB
Total memory     : 32184.906752 MB
Peak memory      : 33952.615424 MB


