2024-08-10 03:04:51;INFO;

Glue/mrpc Seed 42 Batch Size 1 layer_False 14 Layers
2024-08-10 03:04:51;INFO;
Total param      : 6738.423808
Train param      : 404.750336
Dataset          : glue
Method           : layer
Layers           : 14
Batch size       : 1
Learning Rate    : 2e-05
Train Samples    : 3668
Eval Samples     : 408
Eval Loss        : 0.30322346091270447
Eval Acc         : 0.6838235294117647
Forward time     : 0.08347247838973999 min
Backward time    : 0.02227458159128825 min
Weight memory    : 26953.712128 MB
Optimizer memory : 3238.002688 MB
Activation memory: 105.27020698412699 MB
Gradient memory  : 1654.0714057142857 MB
Input memory     : 0.003336126984126984 MB
Total memory     : 31848.75264 MB
Peak memory      : 33473.515008 MB


2024-08-15 00:59:50;INFO;

Glue/mrpc Seed 42 Batch Size 1 layer_False 14 Layers
2024-08-15 00:59:50;INFO;
Total param      : 6738.423808
Train param      : 404.750336
Dataset          : glue
Method           : layer
Layers           : 14
Batch size       : 1
Learning Rate    : 2e-05
Train Samples    : 3668
Eval Samples     : 408
Eval Loss        : 0.18452219665050507
Eval Acc         : 0.7965686274509803
Forward time     : 2.413583532969157 min
Backward time    : 0.6951225757598877 min
Weight memory    : 26953.712128 MB
Optimizer memory : 3238.002688 MB
Activation memory: 105.28866093784079 MB
Gradient memory  : 1654.0923522093785 MB
Input memory     : 0.0033366543075245363 MB
Total memory     : 31843.631104 MB
Peak memory      : 33473.515008 MB


