2024-08-09 06:03:30;INFO;

glue Seed 42Batch Size 1 full fine-tuning 250 Layers
2024-08-09 06:03:30;INFO;
Total param      : 6738.423808
Train param      : 6738.423808
Dataset          : glue
Method           : full
Layers           : 250
Batch size       : 1
Learning Rate    : 2e-07
Train Samples    : 3668
Eval Samples     : 408
Eval Loss        : 0.09832518547773361
Eval Acc         : 0.8946078431372549
Forward time     : 4.193052673339844 min
Backward time    : 10.320924425125122 min
Weight memory    : 27478.000128 MB
Optimizer memory : 53907.390464 MB
Activation memory: 1569.6268174656489 MB
Gradient memory  : 26654.480189487458 MB
Input memory     : 0.0033366543075245363 MB
Total memory     : 107898.830848 MB
Peak memory      : 135387.69664 MB


2024-08-19 23:17:57;INFO;

Glue/mrpc Seed 42 Batch Size 1 full 250 Layers
2024-08-19 23:17:57;INFO;
Total param      : 6738.423808
Train param      : 6738.423808
Dataset          : glue
Method           : full
Layers           : 250
Batch size       : 1
Learning Rate    : 2e-07
Train Samples    : 3668
Eval Samples     : 408
Eval Loss        : 0.09832518547773361
Eval Acc         : 0.8946078431372549
Forward time     : 4.589411731561025 min
Backward time    : 10.110096251964569 min
Weight memory    : 27478.000128 MB
Optimizer memory : 53907.390464 MB
Activation memory: 1569.6268174656489 MB
Gradient memory  : 26653.19376854962 MB
Input memory     : 0.0033366543075245363 MB
Total memory     : 107898.830848 MB
Peak memory      : 135387.69664 MB


2024-08-21 10:51:55;INFO;

Glue/mrpc Seed 42 Batch Size 1 full 250 Layers
2024-08-21 10:51:55;INFO;
Total param      : 6738.423808
Train param      : 6738.423808
Dataset          : glue
Method           : full
Layers           : 250
Batch size       : 1
Learning Rate    : 2e-07
Train Samples    : 3668
Eval Samples     : 408
Eval Loss        : 0.09832518547773361
Eval Acc         : 0.8946078431372549
Forward time     : 4.156490786870321 min
Backward time    : 11.682700991630554 min
Weight memory    : 27478.000128 MB
Optimizer memory : 53907.390464 MB
Activation memory: 1569.6292246194112 MB
Gradient memory  : 26653.6225755289 MB
Input memory     : 0.0033366543075245363 MB
Total memory     : 107898.830848 MB
Peak memory      : 135387.69664 MB


2024-08-23 03:12:03;INFO;

Glue/mrpc Seed 42 Batch Size 1 full 250 Layers
2024-08-23 03:12:03;INFO;
Total param      : 6738.423808
Train param      : 6738.423808
Dataset          : glue
Method           : full
Layers           : 250
Batch size       : 1
Learning Rate    : 2e-07
Train Samples    : 3668
Eval Samples     : 408
Eval Loss        : 0.09832518547773361
Eval Acc         : 0.8946078431372549
Forward time     : 4.5200028618176775 min
Backward time    : 10.384512782096863 min
Weight memory    : 27478.000128 MB
Optimizer memory : 53907.390464 MB
Activation memory: 1569.6292246194112 MB
Gradient memory  : 26653.6225755289 MB
Input memory     : 0.0033366543075245363 MB
Total memory     : 107898.830848 MB
Peak memory      : 135387.69664 MB


