2024-08-10 03:23:11;INFO;

Glue/cola Seed 42 Batch Size 1 random 14 Layers
2024-08-10 03:23:11;INFO;
Total param      : 6738.423808
Train param      : 433.061888
Dataset          : glue
Method           : random
Layers           : 14
Batch size       : 1
Learning Rate    : 2e-07
Train Samples    : 8551
Eval Samples     : 1043
Eval Loss        : 0.2541283965110779
Eval Acc         : 0.6912751677852349
Forward time     : 0.10218048493067423 min
Backward time    : 0.22363319794336955 min
Weight memory    : 26953.712128 MB
Optimizer memory : 3464.495104 MB
Activation memory: 595.9360325079365 MB
Gradient memory  : 1760.067716063492 MB
Input memory     : 0.00256 MB
Total memory     : 32178.43456 MB
Peak memory      : 33913.242112 MB


2024-08-16 15:25:29;INFO;

Glue/cola Seed 42 Batch Size 1 random 14 Layers
2024-08-16 15:25:29;INFO;
Total param      : 6738.423808
Train param      : 433.061888
Dataset          : glue
Method           : random
Layers           : 14
Batch size       : 1
Learning Rate    : 2e-07
Train Samples    : 8551
Eval Samples     : 1043
Eval Loss        : 0.15559294819831848
Eval Acc         : 0.8427612655800575
Forward time     : 6.296847291787466 min
Backward time    : 15.279859248797099 min
Weight memory    : 26953.712128 MB
Optimizer memory : 3464.495104 MB
Activation memory: 592.5737823412466 MB
Gradient memory  : 1760.0270022069933 MB
Input memory     : 0.00256 MB
Total memory     : 32177.66656 MB
Peak memory      : 33916.297216 MB


