2024-06-28 16:44:46;INFO;

alpaca Seed 45Batch Size 1 random fine-tuning 14 Layers
2024-06-28 16:44:46;INFO;
Total param      : 8030.26944
Train param      : 411.041792
Dataset          : alpaca
Method           : random
Layers           : 14
Batch size       : 1
Learning Rate    : 2e-06
Eval Loss        : 1.1676888465881348
Forward time     : 45.97962870200475 min
Backward time    : 70.39203883012136 min
Weight memory    : 32389.5296 MB
Optimizer memory : 3288.334336 MB
Activation memory: 1097.6294695637641 MB
Gradient memory  : 1714.807608842576 MB
Input memory     : 0.0026754829825215293 MB
Total memory     : 37436.550144 MB
Peak memory      : 43724.090368 MB


