2024-05-26 09:33:16;INFO;

alpaca Batch Size 1 random fine-tuning 14 Layers
2024-05-26 09:33:16;INFO;
Total param      : 6738.423808
Train param      : 433.061888
Dataset          : alpaca
Method           : random
Layers           : 14
Batch size       : 1
Learning Rate    : 2e-06
Eval Loss        : 1.0556302070617676
Forward time     : 13.489799416065216 min
Backward time    : 29.031417854626973 min
Weight memory    : 27087.929344 MB
Optimizer memory : 3464.495104 MB
Activation memory: 971.9735022531764 MB
Gradient memory  : 1765.6076163714508 MB
Input memory     : 0.0030693898039215687 MB
Total memory     : 32321.04448 MB
Peak memory      : 35540.468736 MB


