2024-08-09 00:06:38;INFO;

glue Seed 42Batch Size 1 alpha_mid_False fine-tuning 14 Layers
2024-08-09 00:06:38;INFO;
Total param      : 6738.423808
Train param      : 631.242752
Dataset          : glue
Method           : alpha_mid
Layers           : 14
Batch size       : 1
Learning Rate    : 2e-07
Train Samples    : 3668
Eval Samples     : 408
Eval Loss        : 0.17166121304035187
Eval Acc         : 0.7377450980392157
Forward time     : 2.5514607191085816 min
Backward time    : 8.353331502278646 min
Weight memory    : 26953.712128 MB
Optimizer memory : 5049.942016 MB
Activation memory: 1068.6554960959652 MB
Gradient memory  : 2560.048306878953 MB
Input memory     : 0.0033366543075245363 MB
Total memory     : 34561.540096 MB
Peak memory      : 37097.393664 MB


2024-08-15 02:16:07;INFO;

Glue/mrpc Seed 42 Batch Size 1 alpha_mid_False 14 Layers
2024-08-15 02:16:07;INFO;
Total param      : 6738.423808
Train param      : 631.242752
Dataset          : glue
Method           : alpha_mid
Layers           : 14
Batch size       : 1
Learning Rate    : 2e-07
Train Samples    : 3668
Eval Samples     : 408
Eval Loss        : 0.17166121304035187
Eval Acc         : 0.7377450980392157
Forward time     : 2.6757751663525897 min
Backward time    : 7.728234207630157 min
Weight memory    : 26953.712128 MB
Optimizer memory : 5049.942016 MB
Activation memory: 1068.6554960959652 MB
Gradient memory  : 2560.048306878953 MB
Input memory     : 0.0033366543075245363 MB
Total memory     : 34561.540096 MB
Peak memory      : 37097.393664 MB


