2024-05-28 13:51:25;INFO;

oasst1 Batch Size 1 alpha_peak fine-tuning 14 Layers
2024-05-28 13:51:25;INFO;
Total param      : 6738.423808
Train param      : 433.061888
Dataset          : oasst1
Method           : alpha_peak
Layers           : 14
Batch size       : 1
Learning Rate    : 2e-06
Eval Loss        : 1.261911153793335
Forward time     : 4.4456880728403725 min
Backward time    : 13.943786013126374 min
Weight memory    : 27087.929344 MB
Optimizer memory : 3464.495104 MB
Activation memory: 1584.0579874680875 MB
Gradient memory  : 1777.7926317433398 MB
Input memory     : 0.0048683242262781996 MB
Total memory     : 32334.61504 MB
Peak memory      : 34067.88096 MB


