2024-08-06 21:03:24;INFO;

glue Seed 42Batch Size 1 alpha_mid_False fine-tuning 14 Layers
2024-08-06 21:03:24;INFO;
Total param      : 6738.423808
Train param      : 631.242752
Dataset          : glue
Method           : alpha_mid
Layers           : 14
Batch size       : 1
Learning Rate    : 2e-06
Eval Loss        : 0.06481876224279404
Forward time     : 1.1362095793088278 min
Backward time    : 3.3221222162246704 min
Weight memory    : 26953.711616 MB
Optimizer memory : 5049.942016 MB
Activation memory: 1265.1043957204818 MB
Gradient memory  : 2563.293923829719 MB
Input memory     : 0.0037176546184738953 MB
Total memory     : 34561.795584 MB
Peak memory      : 37123.509248 MB


