2024-05-26 05:22:20;INFO;

alpaca Batch Size 1 alpha fine-tuning 14 Layers
2024-05-26 05:22:20;INFO;
Total param      : 6738.423808
Train param      : 291.504128
Dataset          : alpaca
Method           : alpha
Layers           : 14
Batch size       : 1
Learning Rate    : 2e-06
Eval Loss        : 1.058416485786438
Forward time     : 13.710196256637573 min
Backward time    : 25.963438133398693 min
Weight memory    : 27087.929344 MB
Optimizer memory : 2332.033024 MB
Activation memory: 871.6843924580392 MB
Gradient memory  : 1199.3934245847843 MB
Input memory     : 0.0030693898039215687 MB
Total memory     : 30622.35136 MB
Peak memory      : 33918.257664 MB


