2024-06-01 23:04:06;INFO;

alpaca Batch Size 1 alpha_mid fine-tuning 14 Layers
2024-06-01 23:04:06;INFO;
Total param      : 8030.26944
Train param      : 494.927872
Dataset          : alpaca
Method           : alpha_mid
Layers           : 14
Batch size       : 1
Learning Rate    : 2e-05
Eval Loss        : 1.2654379606246948
Forward time     : 22.903041410446168 min
Backward time    : 34.43639378150304 min
Weight memory    : 32389.5296 MB
Optimizer memory : 3959.422976 MB
Activation memory: 1079.599350181647 MB
Gradient memory  : 2050.2555813446274 MB
Input memory     : 0.0026739049411764705 MB
Total memory     : 38410.861056 MB
Peak memory      : 47034.288128 MB


