2024-06-27 18:07:51;INFO;

alpaca Seed 43Batch Size 1 random fine-tuning 14 Layers
2024-06-27 18:07:51;INFO;
Total param      : 6738.423808
Train param      : 376.438784
Dataset          : alpaca
Method           : random
Layers           : 14
Batch size       : 1
Learning Rate    : 2e-06
Eval Loss        : 1.0474486351013184
Forward time     : 25.157759741942087 min
Backward time    : 59.04981195131938 min
Weight memory    : 26953.711616 MB
Optimizer memory : 3011.510272 MB
Activation memory: 960.1625799418562 MB
Gradient memory  : 1539.1260614228377 MB
Input memory     : 0.003071839300076505 MB
Total memory     : 31507.221504 MB
Peak memory      : 35428.27008 MB


