2024-08-07 04:28:18;INFO;

glue Seed 44Batch Size 1 random fine-tuning 14 Layers
2024-08-07 04:28:18;INFO;
Total param      : 6738.423808
Train param      : 433.061888
Dataset          : glue
Method           : random
Layers           : 14
Batch size       : 1
Learning Rate    : 2e-06
Eval Loss        : 0.12605513632297516
Forward time     : 1.6921326080958048 min
Backward time    : 4.535851240158081 min
Weight memory    : 26953.711616 MB
Optimizer memory : 3464.495104 MB
Activation memory: 1099.1554966194112 MB
Gradient memory  : 1767.3751620676117 MB
Input memory     : 0.0033366543075245363 MB
Total memory     : 32185.418752 MB
Peak memory      : 33927.387136 MB


