2024-05-28 14:44:31;INFO;

hh-rlhf Batch Size 1 alpha fine-tuning 14 Layers
2024-05-28 14:44:31;INFO;
Total param      : 6738.423808
Train param      : 291.504128
Dataset          : hh-rlhf
Method           : alpha
Layers           : 14
Batch size       : 1
Learning Rate    : 2e-06
Eval Loss        : 1.4500566720962524
Forward time     : 14.220460430781047 min
Backward time    : 32.80117155313492 min
Weight memory    : 27087.929344 MB
Optimizer memory : 2332.033024 MB
Activation memory: 1249.959416932392 MB
Gradient memory  : 1206.6776859708236 MB
Input memory     : 0.0040967027450980395 MB
Total memory     : 30619.66336 MB
Peak memory      : 31804.143616 MB


