2024-08-06 20:35:23;INFO;

glue Seed 42Batch Size 1 alpha_mid_False fine-tuning 14 Layers
2024-08-06 20:35:23;INFO;
Total param      : 6738.423808
Train param      : 631.242752
Dataset          : glue
Method           : alpha_mid
Layers           : 14
Batch size       : 1
Learning Rate    : 2e-06
Eval Loss        : 0.12503579258918762
Forward time     : 1.950687543551127 min
Backward time    : 4.277338695526123 min
Weight memory    : 26953.711616 MB
Optimizer memory : 5049.942016 MB
Activation memory: 1072.6019389138494 MB
Gradient memory  : 2560.048582490731 MB
Input memory     : 0.0033366543075245363 MB
Total memory     : 34563.46112 MB
Peak memory      : 37097.393152 MB


2024-08-10 12:38:17;INFO;

Glue/mrpc Seed 42 Batch Size 1 alpha_mid_False 14 Layers
2024-08-10 12:38:17;INFO;
Total param      : 6738.423808
Train param      : 631.242752
Dataset          : glue
Method           : alpha_mid
Layers           : 14
Batch size       : 1
Learning Rate    : 2e-06
Train Samples    : 3668
Eval Samples     : 408
Eval Loss        : 0.0972035750746727
Eval Acc         : 0.8970588235294118
Forward time     : 3.2670616507530212 min
Backward time    : 7.867442301909128 min
Weight memory    : 26953.712128 MB
Optimizer memory : 5049.942016 MB
Activation memory: 1068.6554960959652 MB
Gradient memory  : 2560.048306878953 MB
Input memory     : 0.0033366543075245363 MB
Total memory     : 34561.540096 MB
Peak memory      : 37097.393664 MB


2024-08-15 02:13:15;INFO;

Glue/mrpc Seed 42 Batch Size 1 alpha_mid_False 14 Layers
2024-08-15 02:13:15;INFO;
Total param      : 6738.423808
Train param      : 631.242752
Dataset          : glue
Method           : alpha_mid
Layers           : 14
Batch size       : 1
Learning Rate    : 2e-06
Train Samples    : 3668
Eval Samples     : 408
Eval Loss        : 0.0972035750746727
Eval Acc         : 0.8970588235294118
Forward time     : 2.8093245029449463 min
Backward time    : 7.625313738981883 min
Weight memory    : 26953.712128 MB
Optimizer memory : 5049.942016 MB
Activation memory: 1068.6554960959652 MB
Gradient memory  : 2560.048306878953 MB
Input memory     : 0.0033366543075245363 MB
Total memory     : 34561.540096 MB
Peak memory      : 37097.393664 MB


