2024-06-02 21:05:16;INFO;

chip2 Batch Size 1 alpha_ww fine-tuning 14 Layers
2024-06-02 21:05:16;INFO;
Total param      : 8030.26944
Train param      : 331.350016
Dataset          : chip2
Method           : alpha_ww
Layers           : 14
Batch size       : 1
Learning Rate    : 2e-06
Eval Loss        : 1.1182448863983154
Forward time     : 15.180484453837076 min
Backward time    : 30.882381955782574 min
Weight memory    : 32121.094144 MB
Optimizer memory : 2650.800128 MB
Activation memory: 732.6797584665098 MB
Gradient memory  : 1385.8036391253333 MB
Input memory     : 0.002348353254901961 MB
Total memory     : 36163.587584 MB
Peak memory      : 44733.02272 MB


