2024-06-01 11:16:26;INFO;

oasst1 Batch Size 1 random fine-tuning 14 Layers
2024-06-01 11:16:26;INFO;
Total param      : 8030.26944
Train param      : 490.733568
Dataset          : oasst1
Method           : random
Layers           : 14
Batch size       : 1
Learning Rate    : 2e-06
Eval Loss        : 1.2909375429153442
Forward time     : 7.0369500637054445 min
Backward time    : 24.403373098373415 min
Weight memory    : 32389.5296 MB
Optimizer memory : 3925.868544 MB
Activation memory: 2282.23056680195 MB
Gradient memory  : 2088.685547568756 MB
Input memory     : 0.004684675206892643 MB
Total memory     : 38427.226624 MB
Peak memory      : 46967.623168 MB


