2024-06-28 05:23:09;INFO;

oasst1 Seed 43Batch Size 1 random fine-tuning 14 Layers
2024-06-28 05:23:09;INFO;
Total param      : 8030.26944
Train param      : 394.264576
Dataset          : oasst1
Method           : random
Layers           : 14
Batch size       : 1
Learning Rate    : 2e-06
Eval Loss        : 1.3274447917938232
Forward time     : 21.821961998939514 min
Backward time    : 71.06177009344101 min
Weight memory    : 32389.5296 MB
Optimizer memory : 0.0 MB
Activation memory: 6794.77095752409 MB
Gradient memory  : 11417.282713930847 MB
Input memory     : 0.014054025620677927 MB
Total memory     : 37269.59872 MB
Peak memory      : 38848.38656 MB


