2024-08-07 05:07:26;INFO;

glue Seed 45Batch Size 1 random fine-tuning 14 Layers
2024-08-07 05:07:26;INFO;
Total param      : 6738.423808
Train param      : 404.750336
Dataset          : glue
Method           : random
Layers           : 14
Batch size       : 1
Learning Rate    : 2e-06
Eval Loss        : 0.13017764687538147
Forward time     : 1.6080505927403768 min
Backward time    : 4.608587845166524 min
Weight memory    : 26953.711616 MB
Optimizer memory : 3238.002688 MB
Activation memory: 1099.8392607546346 MB
Gradient memory  : 1654.5190408375138 MB
Input memory     : 0.0033366543075245363 MB
Total memory     : 31850.1632 MB
Peak memory      : 33474.789376 MB


