2024-05-26 05:49:04;INFO;

alpaca Batch Size 1 alpha_mid fine-tuning 14 Layers
2024-05-26 05:49:04;INFO;
Total param      : 6738.423808
Train param      : 631.242752
Dataset          : alpaca
Method           : alpha_mid
Layers           : 14
Batch size       : 1
Learning Rate    : 2e-06
Eval Loss        : 1.0514252185821533
Forward time     : 14.01991500457128 min
Backward time    : 28.771237762769065 min
Weight memory    : 27087.929344 MB
Optimizer memory : 5049.942016 MB
Activation memory: 963.5827071297255 MB
Gradient memory  : 2558.3046607811766 MB
Input memory     : 0.0030693898039215687 MB
Total memory     : 34699.214848 MB
Peak memory      : 37282.819072 MB


