2024-06-01 19:45:36;INFO;

alpaca Batch Size 1 random fine-tuning 14 Layers
2024-06-01 19:45:36;INFO;
Total param      : 8030.26944
Train param      : 490.733568
Dataset          : alpaca
Method           : random
Layers           : 14
Batch size       : 1
Learning Rate    : 2e-06
Eval Loss        : 1.1682158708572388
Forward time     : 23.002895291646322 min
Backward time    : 35.97689418792724 min
Weight memory    : 32389.5296 MB
Optimizer memory : 3925.868544 MB
Activation memory: 1082.9310955118433 MB
Gradient memory  : 2033.5182336401567 MB
Input memory     : 0.0026739049411764705 MB
Total memory     : 38360.529408 MB
Peak memory      : 46970.623488 MB


