2024-08-20 07:39:09;INFO;

Glue/cola Seed 42 Batch Size 1 full 250 Layers
2024-08-20 07:39:09;INFO;
Total param      : 6738.423808
Train param      : 6738.423808
Dataset          : glue
Method           : full
Layers           : 250
Batch size       : 1
Learning Rate    : 2e-07
Train Samples    : 8551
Eval Samples     : 1043
Eval Loss        : 0.1290992647409439
Eval Acc         : 0.9280920421860019
Forward time     : 12.486109936237336 min
Backward time    : 20.422022720177967 min
Weight memory    : 27478.000128 MB
Optimizer memory : 53907.390464 MB
Activation memory: 869.0845360813939 MB
Gradient memory  : 27031.852186360426 MB
Input memory     : 0.00256 MB
Total memory     : 108416.590848 MB
Peak memory      : 135376.86016 MB


2024-08-21 18:38:15;INFO;

Glue/cola Seed 42 Batch Size 1 full 250 Layers
2024-08-21 18:38:15;INFO;
Total param      : 6738.423808
Train param      : 6738.423808
Dataset          : glue
Method           : full
Layers           : 250
Batch size       : 1
Learning Rate    : 2e-07
Train Samples    : 8551
Eval Samples     : 1043
Eval Loss        : 0.1290992647409439
Eval Acc         : 0.9280920421860019
Forward time     : 10.919500648975372 min
Backward time    : 25.42083462079366 min
Weight memory    : 27478.000128 MB
Optimizer memory : 53907.390464 MB
Activation memory: 869.0845360813939 MB
Gradient memory  : 27031.852186360426 MB
Input memory     : 0.00256 MB
Total memory     : 108416.590848 MB
Peak memory      : 135376.86016 MB


