2024-06-27 22:20:55;INFO;

oasst1 Seed 42Batch Size 1 random fine-tuning 14 Layers
2024-06-27 22:20:55;INFO;
Total param      : 8030.26944
Train param      : 490.733568
Dataset          : oasst1
Method           : random
Layers           : 14
Batch size       : 1
Learning Rate    : 2e-06
Eval Loss        : 1.3200578689575195
Forward time     : 21.578732705116273 min
Backward time    : 72.58130926291147 min
Weight memory    : 32389.5296 MB
Optimizer memory : 0.0 MB
Activation memory: 6846.662151139327 MB
Gradient memory  : 14118.230966285002 MB
Input memory     : 0.014054025620677927 MB
Total memory     : 38356.425216 MB
Peak memory      : 40392.097792 MB


