2024-06-28 15:09:12;INFO;

self-instruct Seed 45Batch Size 1 random fine-tuning 14 Layers
2024-06-28 15:09:12;INFO;
Total param      : 6738.423808
Train param      : 404.750336
Dataset          : self-instruct
Method           : random
Layers           : 14
Batch size       : 1
Learning Rate    : 2e-06
Eval Loss        : 0.5216002464294434
Forward time     : 59.526828555266064 min
Backward time    : 63.63130275408427 min
Weight memory    : 26953.711616 MB
Optimizer memory : 3238.002688 MB
Activation memory: 531.1503318518882 MB
Gradient memory  : 1644.7969155054604 MB
Input memory     : 0.002040061480382904 MB
Total memory     : 31832.877568 MB
Peak memory      : 39258.542592 MB


