2024-06-27 00:00:13;INFO;

self-instruct Seed 42Batch Size 1 full fine-tuning 250 Layers
2024-06-27 00:00:13;INFO;
Total param      : 6738.423808
Train param      : 6738.423808
Dataset          : self-instruct
Method           : full
Layers           : 250
Batch size       : 1
Learning Rate    : 2e-07
Eval Loss        : 0.4917728900909424
Forward time     : 112.23211363156636 min
Backward time    : 112.53201778729756 min
Weight memory    : 28002.287616 MB
Optimizer memory : 53907.390464 MB
Activation memory: 759.0369438582127 MB
Gradient memory  : 26220.380995891603 MB
Input memory     : 0.002040061480382904 MB
Total memory     : 107888.973312 MB
Peak memory      : 135942.324224 MB


