2024-08-07 06:51:47;INFO;

glue Seed 44Batch Size 1 random fine-tuning 14 Layers
2024-08-07 06:51:47;INFO;
Total param      : 6738.423808
Train param      : 433.061888
Dataset          : glue
Method           : random
Layers           : 14
Batch size       : 1
Learning Rate    : 2e-06
Eval Loss        : 0.13148461282253265
Forward time     : 3.6191151698430377 min
Backward time    : 9.219445069630941 min
Weight memory    : 26953.711616 MB
Optimizer memory : 3464.495104 MB
Activation memory: 604.8156329149806 MB
Gradient memory  : 1759.2209641875804 MB
Input memory     : 0.00256 MB
Total memory     : 32177.097216 MB
Peak memory      : 33914.720768 MB


