2024-06-28 04:32:52;INFO;

self-instruct Seed 43Batch Size 1 random fine-tuning 14 Layers
2024-06-28 04:32:52;INFO;
Total param      : 6738.423808
Train param      : 376.438784
Dataset          : self-instruct
Method           : random
Layers           : 14
Batch size       : 1
Learning Rate    : 2e-06
Eval Loss        : 0.509640634059906
Forward time     : 59.250647064050035 min
Backward time    : 62.62994656165441 min
Weight memory    : 26953.711616 MB
Optimizer memory : 3011.510272 MB
Activation memory: 515.2394290517852 MB
Gradient memory  : 1531.5692281093802 MB
Input memory     : 0.002040061480382904 MB
Total memory     : 31494.418944 MB
Peak memory      : 38789.305856 MB


