2024-08-09 00:04:06;INFO;

glue Seed 42Batch Size 1 alpha_mid_False fine-tuning 14 Layers
2024-08-09 00:04:06;INFO;
Total param      : 6738.423808
Train param      : 631.242752
Dataset          : glue
Method           : alpha_mid
Layers           : 14
Batch size       : 1
Learning Rate    : 0.0002
Train Samples    : 3668
Eval Samples     : 408
Eval Loss        : 0.26851916313171387
Eval Acc         : 0.6838235294117647
Forward time     : 2.756824020544688 min
Backward time    : 8.203522570927937 min
Weight memory    : 26953.712128 MB
Optimizer memory : 5049.942016 MB
Activation memory: 1068.6555527677208 MB
Gradient memory  : 2560.048306878953 MB
Input memory     : 0.0033366543075245363 MB
Total memory     : 34561.540096 MB
Peak memory      : 37097.393664 MB


2024-08-15 01:05:46;INFO;

Glue/mrpc Seed 42 Batch Size 1 alpha_mid_False 14 Layers
2024-08-15 01:05:46;INFO;
Total param      : 6738.423808
Train param      : 631.242752
Dataset          : glue
Method           : alpha_mid
Layers           : 14
Batch size       : 1
Learning Rate    : 0.0002
Train Samples    : 3668
Eval Samples     : 408
Eval Loss        : 0.26851916313171387
Eval Acc         : 0.6838235294117647
Forward time     : 2.881417910257975 min
Backward time    : 7.647754768530528 min
Weight memory    : 26953.712128 MB
Optimizer memory : 5049.942016 MB
Activation memory: 1068.6555527677208 MB
Gradient memory  : 2560.048306878953 MB
Input memory     : 0.0033366543075245363 MB
Total memory     : 34561.540096 MB
Peak memory      : 37097.393664 MB


