2024-08-07 05:34:05;INFO;

glue Seed 45Batch Size 1 random fine-tuning 14 Layers
2024-08-07 05:34:05;INFO;
Total param      : 6738.423808
Train param      : 404.750336
Dataset          : glue
Method           : random
Layers           : 14
Batch size       : 1
Learning Rate    : 2e-06
Eval Loss        : 0.09408878535032272
Forward time     : 1.1238337635993958 min
Backward time    : 3.3324135899543763 min
Weight memory    : 26953.711616 MB
Optimizer memory : 3238.002688 MB
Activation memory: 1297.380472906024 MB
Gradient memory  : 1657.3972138666666 MB
Input memory     : 0.0037176546184738953 MB
Total memory     : 31857.329152 MB
Peak memory      : 33618.606592 MB


