2024-08-10 02:57:13;INFO;

Glue/mrpc Seed 42 Batch Size 1 random 14 Layers
2024-08-10 02:57:13;INFO;
Total param      : 6738.423808
Train param      : 433.061888
Dataset          : glue
Method           : random
Layers           : 14
Batch size       : 1
Learning Rate    : 2e-07
Train Samples    : 3668
Eval Samples     : 408
Eval Loss        : 0.2509722113609314
Eval Acc         : 0.6838235294117647
Forward time     : 0.10936697324117024 min
Backward time    : 0.25382080078125 min
Weight memory    : 26953.712128 MB
Optimizer memory : 3464.495104 MB
Activation memory: 1077.3576208253967 MB
Gradient memory  : 1767.3746874920635 MB
Input memory     : 0.003336126984126984 MB
Total memory     : 32188.491264 MB
Peak memory      : 33926.49984 MB


2024-08-15 12:29:56;INFO;

Glue/mrpc Seed 42 Batch Size 1 random 14 Layers
2024-08-15 12:29:56;INFO;
Total param      : 6738.423808
Train param      : 433.061888
Dataset          : glue
Method           : random
Layers           : 14
Batch size       : 1
Learning Rate    : 2e-07
Train Samples    : 3668
Eval Samples     : 408
Eval Loss        : 0.1764659434556961
Eval Acc         : 0.7377450980392157
Forward time     : 2.6372565229733786 min
Backward time    : 7.636757504940033 min
Weight memory    : 26953.712128 MB
Optimizer memory : 3464.495104 MB
Activation memory: 1078.374100868048 MB
Gradient memory  : 1767.3804188615047 MB
Input memory     : 0.0033366543075245363 MB
Total memory     : 32183.369728 MB
Peak memory      : 33926.49984 MB


