2024-06-28 01:47:32;INFO;

alpaca Seed 44Batch Size 1 random fine-tuning 14 Layers
2024-06-28 01:47:32;INFO;
Total param      : 6738.423808
Train param      : 433.061888
Dataset          : alpaca
Method           : random
Layers           : 14
Batch size       : 1
Learning Rate    : 2e-06
Eval Loss        : 1.0477547645568848
Forward time     : 25.115894826253257 min
Backward time    : 60.65043615897496 min
Weight memory    : 26953.711616 MB
Optimizer memory : 3464.495104 MB
Activation memory: 989.4639813801518 MB
Gradient memory  : 1765.5759760695216 MB
Input memory     : 0.003071839300076505 MB
Total memory     : 32187.338752 MB
Peak memory      : 36035.667968 MB


