2024-08-07 07:30:21;INFO;

glue Seed 45Batch Size 1 random fine-tuning 14 Layers
2024-08-07 07:30:21;INFO;
Total param      : 6738.423808
Train param      : 404.750336
Dataset          : glue
Method           : random
Layers           : 14
Batch size       : 1
Learning Rate    : 2e-06
Eval Loss        : 0.12392527610063553
Forward time     : 3.618428421020508 min
Backward time    : 9.111254735787709 min
Weight memory    : 26953.711616 MB
Optimizer memory : 3238.002688 MB
Activation memory: 604.8516656559467 MB
Gradient memory  : 1645.9616487241258 MB
Input memory     : 0.00256 MB
Total memory     : 31837.230592 MB
Peak memory      : 33461.755904 MB


