2024-06-01 07:45:56;INFO;

oasst1 Batch Size 1 alpha_peak fine-tuning 14 Layers
2024-06-01 07:45:56;INFO;
Total param      : 8030.26944
Train param      : 603.979776
Dataset          : oasst1
Method           : alpha_peak
Layers           : 14
Batch size       : 1
Learning Rate    : 2e-06
Eval Loss        : 1.293531894683838
Forward time     : 6.664855277538299 min
Backward time    : 23.48384314775467 min
Weight memory    : 32389.5296 MB
Optimizer memory : 4831.838208 MB
Activation memory: 2159.4179594912143 MB
Gradient memory  : 2541.670889072894 MB
Input memory     : 0.004684675206892643 MB
Total memory     : 39786.18112 MB
Peak memory      : 48325.986816 MB


