2024-06-28 09:14:32;INFO;

alpaca Seed 45Batch Size 1 random fine-tuning 14 Layers
2024-06-28 09:14:32;INFO;
Total param      : 6738.423808
Train param      : 404.750336
Dataset          : alpaca
Method           : random
Layers           : 14
Batch size       : 1
Learning Rate    : 2e-06
Eval Loss        : 1.0508832931518555
Forward time     : 25.33209501504898 min
Backward time    : 60.026784678300224 min
Weight memory    : 26953.711616 MB
Optimizer memory : 3238.002688 MB
Activation memory: 988.6870802314769 MB
Gradient memory  : 1652.3715114515173 MB
Input memory     : 0.003071839300076505 MB
Total memory     : 31857.073152 MB
Peak memory      : 35809.175552 MB


