2024-06-01 16:28:13;INFO;

oasst1 Batch Size 1 alpha_ww fine-tuning 14 Layers
2024-06-01 16:28:13;INFO;
Total param      : 8030.26944
Train param      : 331.350016
Dataset          : oasst1
Method           : alpha_ww
Layers           : 14
Batch size       : 1
Learning Rate    : 2e-06
Eval Loss        : 1.296737790107727
Forward time     : 6.837654256820679 min
Backward time    : 22.8026029308637 min
Weight memory    : 32389.5296 MB
Optimizer memory : 2650.800128 MB
Activation memory: 2125.8858220410384 MB
Gradient memory  : 1451.1404006112684 MB
Input memory     : 0.004684675206892643 MB
Total memory     : 36514.895872 MB
Peak memory      : 38063.051776 MB


