2024-05-28 19:01:46;INFO;

hh-rlhf Batch Size 1 alpha_peak fine-tuning 14 Layers
2024-05-28 19:01:46;INFO;
Total param      : 6738.423808
Train param      : 433.061888
Dataset          : hh-rlhf
Method           : alpha_peak
Layers           : 14
Batch size       : 1
Learning Rate    : 2e-06
Eval Loss        : 1.4463508129119873
Forward time     : 13.560199471314748 min
Backward time    : 34.97774990399679 min
Weight memory    : 27087.929344 MB
Optimizer memory : 3464.495104 MB
Activation memory: 1304.5257013609412 MB
Gradient memory  : 1772.6514517935686 MB
Input memory     : 0.0040967027450980395 MB
Total memory     : 32319.005696 MB
Peak memory      : 34067.921408 MB


