2024-06-27 23:35:43;INFO;

alpaca Seed 43Batch Size 1 random fine-tuning 14 Layers
2024-06-27 23:35:43;INFO;
Total param      : 8030.26944
Train param      : 394.264576
Dataset          : alpaca
Method           : random
Layers           : 14
Batch size       : 1
Learning Rate    : 2e-06
Eval Loss        : 1.1673450469970703
Forward time     : 47.96867818832398 min
Backward time    : 68.7834323445956 min
Weight memory    : 32389.5296 MB
Optimizer memory : 3155.06176 MB
Activation memory: 1076.3648314770976 MB
Gradient memory  : 1647.715278132805 MB
Input memory     : 0.0026754829825215293 MB
Total memory     : 37203.518464 MB
Peak memory      : 43441.065984 MB


