2024-04-08 01:44:14;INFO;

oasst1 Batch Size 2 alpha fine-tuning 12 Layers
2024-04-08 01:44:14;INFO;
(6738.423808, 360.71424)
Dataset          : oasst1
Method           : alpha
Layers           : 12
Batch size       : 2
Learning Rate    : 2e-06
Forward time     : 1.6859593947728475 min
Backward time    : 6.039054278532664 min
Weight memory    : 27087.929344 MB
Optimizer memory : 2885.71392 MB
Activation memory: 4550.16448 MB
Gradient memory  : 1525.691392 MB
Input memory     : 0.01024 MB
Total memory     : 30056.487936 MB
Peak memory      : 35118.135808 MB


2024-04-12 17:08:10;INFO;

oasst1 Batch Size 2 alpha fine-tuning 12 Layers
2024-04-12 17:08:10;INFO;
(6738.423808, 360.71424)
Dataset          : oasst1
Method           : alpha
Layers           : 12
Batch size       : 2
Learning Rate    : 2e-06
Forward time     : 6.386966864267985 min
Backward time    : 10.776801709334055 min
Weight memory    : 27087.929344 MB
Optimizer memory : 2885.71392 MB
Activation memory: 3551.009792 MB
Gradient memory  : 1526.479872 MB
Input memory     : 0.01024 MB
Total memory     : 30056.487936 MB
Peak memory      : 34148.76416 MB


