2024-08-07 13:17:11;INFO;

glue Seed 42Batch Size 1 full fine-tuning 250 Layers
2024-08-07 13:17:11;INFO;
Total param      : 6738.423808
Train param      : 6738.423808
Dataset          : glue
Method           : full
Layers           : 250
Batch size       : 1
Learning Rate    : 2e-07
Eval Loss        : 0.08777736872434616
Forward time     : 1.6759946902592977 min
Backward time    : 3.5348642269770303 min
Weight memory    : 28002.287616 MB
Optimizer memory : 53907.390464 MB
Activation memory: 1851.5530916497992 MB
Gradient memory  : 26540.430189596787 MB
Input memory     : 0.0037176546184738953 MB
Total memory     : 107899.086336 MB
Peak memory      : 135931.370496 MB


