2024-06-28 08:25:30;INFO;

alpaca Seed 44Batch Size 1 random fine-tuning 14 Layers
2024-06-28 08:25:30;INFO;
Total param      : 8030.26944
Train param      : 490.733568
Dataset          : alpaca
Method           : random
Layers           : 14
Batch size       : 1
Learning Rate    : 2e-06
Eval Loss        : 1.1660826206207275
Forward time     : 54.68664684295654 min
Backward time    : 70.40153360366821 min
Weight memory    : 32389.5296 MB
Optimizer memory : 3925.868544 MB
Activation memory: 1099.2407260209116 MB
Gradient memory  : 2033.5815231747652 MB
Input memory     : 0.0026754829825215293 MB
Total memory     : 38348.770816 MB
Peak memory      : 44369.358336 MB


