2024-06-24 19:35:23;INFO;

self-instruct Seed 42Batch Size 1 layer_False fine-tuning 14 Layers
2024-06-24 19:35:23;INFO;
Total param      : 6738.423808
Train param      : 404.750336
Dataset          : self-instruct
Method           : layer
Layers           : 14
Batch size       : 1
Learning Rate    : 2e-06
Eval Loss        : 0.6355507373809814
Forward time     : 33.29505946238836 min
Backward time    : 6.814674421151479 min
Weight memory    : 26953.711616 MB
Optimizer memory : 3238.002688 MB
Activation memory: 51.30403988478556 MB
Gradient memory  : 1644.7787088025298 MB
Input memory     : 0.002040061480382904 MB
Total memory     : 31833.773568 MB
Peak memory      : 33586.81344 MB


