2024-06-01 20:24:30;INFO;

alpaca Batch Size 1 alpha_ww fine-tuning 14 Layers
2024-06-01 20:24:30;INFO;
Total param      : 8030.26944
Train param      : 331.350016
Dataset          : alpaca
Method           : alpha_ww
Layers           : 14
Batch size       : 1
Learning Rate    : 2e-05
Eval Loss        : 1.2614878416061401
Forward time     : 21.699244570732116 min
Backward time    : 32.57868572076162 min
Weight memory    : 32389.5296 MB
Optimizer memory : 2651.619328 MB
Activation memory: 1008.4507578528627 MB
Gradient memory  : 1395.9739747589022 MB
Input memory     : 0.0026739049411764705 MB
Total memory     : 36448.745984 MB
Peak memory      : 42001.040384 MB


