2024-08-10 02:56:48;INFO;

Glue/mrpc Seed 42 Batch Size 1 random 14 Layers
2024-08-10 02:56:48;INFO;
Total param      : 6738.423808
Train param      : 433.061888
Dataset          : glue
Method           : random
Layers           : 14
Batch size       : 1
Learning Rate    : 2e-05
Train Samples    : 3668
Eval Samples     : 408
Eval Loss        : 0.29470571875572205
Eval Acc         : 0.6838235294117647
Forward time     : 0.11222227017084757 min
Backward time    : 0.2520176887512207 min
Weight memory    : 26953.712128 MB
Optimizer memory : 3464.495104 MB
Activation memory: 1077.3767050158729 MB
Gradient memory  : 1767.3707743492064 MB
Input memory     : 0.003336126984126984 MB
Total memory     : 32188.491264 MB
Peak memory      : 33926.49984 MB


2024-08-15 02:08:16;INFO;

Glue/mrpc Seed 42 Batch Size 1 random 14 Layers
2024-08-15 02:08:16;INFO;
Total param      : 6738.423808
Train param      : 433.061888
Dataset          : glue
Method           : random
Layers           : 14
Batch size       : 1
Learning Rate    : 2e-05
Train Samples    : 3668
Eval Samples     : 408
Eval Loss        : 0.14532527327537537
Eval Acc         : 0.8823529411764706
Forward time     : 2.866847205162048 min
Backward time    : 7.3956154425938925 min
Weight memory    : 26953.712128 MB
Optimizer memory : 3464.495104 MB
Activation memory: 1078.374104427481 MB
Gradient memory  : 1767.3802818582335 MB
Input memory     : 0.0033366543075245363 MB
Total memory     : 32183.369728 MB
Peak memory      : 33926.49984 MB


