2024-06-24 12:49:31;INFO;

oasst1 Seed 42Batch Size 1 alpha_mid_False fine-tuning 14 Layers
2024-06-24 12:49:31;INFO;
Total param      : 8030.26944
Train param      : 494.927872
Dataset          : oasst1
Method           : alpha_mid
Layers           : 14
Batch size       : 1
Learning Rate    : 2e-06
Eval Loss        : 1.3386139869689941
Forward time     : 26.409022720654807 min
Backward time    : 70.40505242745081 min
Weight memory    : 32389.5296 MB
Optimizer memory : 0.0 MB
Activation memory: 6831.05943701984 MB
Gradient memory  : 14235.528905062012 MB
Input memory     : 0.014054025620677927 MB
Total memory     : 38406.756864 MB
Peak memory      : 40458.72896 MB


