2024-06-24 21:30:31;INFO;

self-instruct Seed 42Batch Size 1 alpha_mid_False fine-tuning 14 Layers
2024-06-24 21:30:31;INFO;
Total param      : 6738.423808
Train param      : 631.242752
Dataset          : self-instruct
Method           : alpha_mid
Layers           : 14
Batch size       : 1
Learning Rate    : 2e-06
Eval Loss        : 0.5020098090171814
Forward time     : 56.599885845184325 min
Backward time    : 65.05545004208882 min
Weight memory    : 26953.711616 MB
Optimizer memory : 5049.942016 MB
Activation memory: 517.5285614282668 MB
Gradient memory  : 2550.741412057509 MB
Input memory     : 0.002040061480382904 MB
Total memory     : 34551.68256 MB
Peak memory      : 40846.691328 MB


