2024-08-10 02:55:53;INFO;

Glue/mrpc Seed 42 Batch Size 1 random 14 Layers
2024-08-10 02:55:53;INFO;
Total param      : 6738.423808
Train param      : 433.061888
Dataset          : glue
Method           : random
Layers           : 14
Batch size       : 1
Learning Rate    : 0.0002
Train Samples    : 3668
Eval Samples     : 408
Eval Loss        : 0.2888602316379547
Eval Acc         : 0.6838235294117647
Forward time     : 0.1139507253964742 min
Backward time    : 0.24739971955617268 min
Weight memory    : 26953.712128 MB
Optimizer memory : 3464.495104 MB
Activation memory: 1077.3574826666668 MB
Gradient memory  : 1767.3740413968253 MB
Input memory     : 0.003336126984126984 MB
Total memory     : 32188.491264 MB
Peak memory      : 33926.49984 MB


2024-08-15 01:03:00;INFO;

Glue/mrpc Seed 42 Batch Size 1 random 14 Layers
2024-08-15 01:03:00;INFO;
Total param      : 6738.423808
Train param      : 433.061888
Dataset          : glue
Method           : random
Layers           : 14
Batch size       : 1
Learning Rate    : 0.0002
Train Samples    : 3668
Eval Samples     : 408
Eval Loss        : 0.2645445764064789
Eval Acc         : 0.6838235294117647
Forward time     : 2.769950981934865 min
Backward time    : 7.527537596225739 min
Weight memory    : 26953.712128 MB
Optimizer memory : 3464.495104 MB
Activation memory: 1078.3724639476554 MB
Gradient memory  : 1767.380395480916 MB
Input memory     : 0.0033366543075245363 MB
Total memory     : 32183.369728 MB
Peak memory      : 33926.49984 MB


