2024-08-14 02:23:51;INFO;

Glue/cola Seed 42 Batch Size 1 alpha_mid_False 14 Layers
2024-08-14 02:23:51;INFO;
Total param      : 6738.423808
Train param      : 631.242752
Dataset          : glue
Method           : alpha_mid
Layers           : 14
Batch size       : 1
Learning Rate    : 2e-05
Train Samples    : 8551
Eval Samples     : 1043
Eval Loss        : 0.1422560065984726
Eval Acc         : 0.8744007670182167
Forward time     : 6.748230727513631 min
Backward time    : 15.212341753641764 min
Weight memory    : 26953.712128 MB
Optimizer memory : 5049.942016 MB
Activation memory: 587.510223051339 MB
Gradient memory  : 2552.721474881534 MB
Input memory     : 0.00256 MB
Total memory     : 34555.836928 MB
Peak memory      : 37086.439936 MB


2024-08-14 18:53:14;INFO;

Glue/cola Seed 42 Batch Size 1 alpha_mid_False 14 Layers
2024-08-14 18:53:14;INFO;
Total param      : 6738.423808
Train param      : 631.242752
Dataset          : glue
Method           : alpha_mid
Layers           : 14
Batch size       : 1
Learning Rate    : 2e-05
Train Samples    : 8551
Eval Samples     : 1043
Eval Loss        : 0.1422560065984726
Eval Acc         : 0.8744007670182167
Forward time     : 6.913186172644298 min
Backward time    : 15.046750537554423 min
Weight memory    : 26953.712128 MB
Optimizer memory : 5049.942016 MB
Activation memory: 587.510223051339 MB
Gradient memory  : 2552.721474881534 MB
Input memory     : 0.00256 MB
Total memory     : 34555.836928 MB
Peak memory      : 37086.439936 MB


